<?xml version="1.0" encoding="UTF-8"?>
<!-- Generated by org.testng.reporters.JUnitXMLReporter -->
<testsuite hostname="EMEA-TUN-LP0709" name="Default test" tests="5" failures="0" timestamp="19 Feb 2019 19:54:47 GMT" time="12.536" errors="0">
  <testcase name="VerifyJsonFormat" time="2.524" classname="tests.AddressVerificationTests"/>
  <testcase name="VerifySimpleCaseValues" time="1.869" classname="tests.AddressVerificationTests"/>
  <testcase name="VerifySimpleCaseValues" time="2.132" classname="tests.AddressVerificationTests"/>
  <testcase name="VerifySimpleCaseValues" time="3.025" classname="tests.AddressVerificationTests"/>
  <testcase name="VerifySimpleCaseValues" time="2.943" classname="tests.AddressVerificationTests"/>
</testsuite> <!-- Default test -->
