<?xml version="1.0" encoding="UTF-8"?>
<testng-results skipped="0" failed="0" total="5" passed="5">
  <reporter-output>
  </reporter-output>
  <suite name="Default suite" duration-ms="12536" started-at="2019-02-19T19:54:34Z" finished-at="2019-02-19T19:54:47Z">
    <groups>
    </groups>
    <test name="Default test" duration-ms="12536" started-at="2019-02-19T19:54:34Z" finished-at="2019-02-19T19:54:47Z">
      <class name="tests.AddressVerificationTests">
        <test-method status="PASS" signature="VerifyJsonFormat()[pri:0, instance:tests.AddressVerificationTests@19d02cb]" name="VerifyJsonFormat" duration-ms="2524" started-at="2019-02-19T20:54:34Z" description="This test verify that the output format is as expected" finished-at="2019-02-19T20:54:37Z">
          <reporter-output>
          </reporter-output>
        </test-method> <!-- VerifyJsonFormat -->
        <test-method status="PASS" signature="VerifySimpleCaseValues(java.lang.String, java.lang.String, java.lang.String, java.lang.String)[pri:0, instance:tests.AddressVerificationTests@19d02cb]" name="VerifySimpleCaseValues" duration-ms="1869" started-at="2019-02-19T20:54:37Z" description="This test verify that the output values are as expected" data-provider="Addresses" finished-at="2019-02-19T20:54:39Z">
          <params>
            <param index="0">
              <value>
                <![CDATA[Musterstrasse 45]]>
              </value>
            </param>
            <param index="1">
              <value>
                <![CDATA[]]>
              </value>
            </param>
            <param index="2">
              <value>
                <![CDATA[Musterstrasse]]>
              </value>
            </param>
            <param index="3">
              <value>
                <![CDATA[45]]>
              </value>
            </param>
          </params>
          <reporter-output>
          </reporter-output>
        </test-method> <!-- VerifySimpleCaseValues -->
        <test-method status="PASS" signature="VerifySimpleCaseValues(java.lang.String, java.lang.String, java.lang.String, java.lang.String)[pri:0, instance:tests.AddressVerificationTests@19d02cb]" name="VerifySimpleCaseValues" duration-ms="2132" started-at="2019-02-19T20:54:39Z" description="This test verify that the output values are as expected" data-provider="Addresses" finished-at="2019-02-19T20:54:41Z">
          <params>
            <param index="0">
              <value>
                <![CDATA[Auf der Vogelwiese 23 b]]>
              </value>
            </param>
            <param index="1">
              <value>
                <![CDATA[DE]]>
              </value>
            </param>
            <param index="2">
              <value>
                <![CDATA[Auf der Vogelwiese]]>
              </value>
            </param>
            <param index="3">
              <value>
                <![CDATA[23 b]]>
              </value>
            </param>
          </params>
          <reporter-output>
          </reporter-output>
        </test-method> <!-- VerifySimpleCaseValues -->
        <test-method status="PASS" signature="VerifySimpleCaseValues(java.lang.String, java.lang.String, java.lang.String, java.lang.String)[pri:0, instance:tests.AddressVerificationTests@19d02cb]" name="VerifySimpleCaseValues" duration-ms="3025" started-at="2019-02-19T20:54:41Z" description="This test verify that the output values are as expected" data-provider="Addresses" finished-at="2019-02-19T20:54:44Z">
          <params>
            <param index="0">
              <value>
                <![CDATA[4, rue de la revolution]]>
              </value>
            </param>
            <param index="1">
              <value>
                <![CDATA[FR]]>
              </value>
            </param>
            <param index="2">
              <value>
                <![CDATA[de la revolution]]>
              </value>
            </param>
            <param index="3">
              <value>
                <![CDATA[4]]>
              </value>
            </param>
          </params>
          <reporter-output>
          </reporter-output>
        </test-method> <!-- VerifySimpleCaseValues -->
        <test-method status="PASS" signature="VerifySimpleCaseValues(java.lang.String, java.lang.String, java.lang.String, java.lang.String)[pri:0, instance:tests.AddressVerificationTests@19d02cb]" name="VerifySimpleCaseValues" duration-ms="2943" started-at="2019-02-19T20:54:44Z" description="This test verify that the output values are as expected" data-provider="Addresses" finished-at="2019-02-19T20:54:47Z">
          <params>
            <param index="0">
              <value>
                <![CDATA[]]>
              </value>
            </param>
            <param index="1">
              <value>
                <![CDATA[]]>
              </value>
            </param>
            <param index="2">
              <value>
                <![CDATA[]]>
              </value>
            </param>
            <param index="3">
              <value>
                <![CDATA[]]>
              </value>
            </param>
          </params>
          <reporter-output>
          </reporter-output>
        </test-method> <!-- VerifySimpleCaseValues -->
      </class> <!-- tests.AddressVerificationTests -->
    </test> <!-- Default test -->
  </suite> <!-- Default suite -->
</testng-results>
